{"/Users/robeltezera/Desktop/movie-search-cLI/index.js":{"path":"/Users/robeltezera/Desktop/movie-search-cLI/index.js","s":{"1":1,"2":1,"3":2,"4":1,"5":1,"6":1,"7":3,"8":3,"9":0,"10":3,"11":3,"12":1},"b":{"1":[1,1],"2":[0,3],"3":[1,2]},"f":{"1":2,"2":3,"3":3},"fnMap":{"1":{"name":"(anonymous_1)","line":6,"loc":{"start":{"line":6,"column":11},"end":{"line":6,"column":38}}},"2":{"name":"(anonymous_2)","line":12,"loc":{"start":{"line":12,"column":16},"end":{"line":12,"column":33}}},"3":{"name":"(anonymous_3)","line":14,"loc":{"start":{"line":14,"column":80},"end":{"line":14,"column":106}}}},"statementMap":{"1":{"start":{"line":1,"column":0},"end":{"line":2,"column":31}},"2":{"start":{"line":4,"column":0},"end":{"line":27,"column":1}},"3":{"start":{"line":8,"column":4},"end":{"line":25,"column":5}},"4":{"start":{"line":9,"column":6},"end":{"line":9,"column":62}},"5":{"start":{"line":11,"column":6},"end":{"line":11,"column":20}},"6":{"start":{"line":12,"column":6},"end":{"line":24,"column":9}},"7":{"start":{"line":14,"column":8},"end":{"line":23,"column":11}},"8":{"start":{"line":15,"column":10},"end":{"line":19,"column":11}},"9":{"start":{"line":16,"column":12},"end":{"line":16,"column":26}},"10":{"start":{"line":18,"column":12},"end":{"line":18,"column":64}},"11":{"start":{"line":20,"column":10},"end":{"line":22,"column":11}},"12":{"start":{"line":21,"column":12},"end":{"line":21,"column":40}}},"branchMap":{"1":{"line":8,"type":"if","locations":[{"start":{"line":8,"column":4},"end":{"line":8,"column":4}},{"start":{"line":8,"column":4},"end":{"line":8,"column":4}}]},"2":{"line":15,"type":"if","locations":[{"start":{"line":15,"column":10},"end":{"line":15,"column":10}},{"start":{"line":15,"column":10},"end":{"line":15,"column":10}}]},"3":{"line":20,"type":"if","locations":[{"start":{"line":20,"column":10},"end":{"line":20,"column":10}},{"start":{"line":20,"column":10},"end":{"line":20,"column":10}}]}}},"/Users/robeltezera/Desktop/movie-search-cLI/lib/search.js":{"path":"/Users/robeltezera/Desktop/movie-search-cLI/lib/search.js","s":{"1":1,"2":1,"3":1,"4":1,"5":1,"6":0,"7":1,"8":1,"9":1,"10":1,"11":0,"12":1,"13":1,"14":1,"15":1,"16":1,"17":1,"18":1,"19":1,"20":1,"21":1,"22":0,"23":1,"24":1,"25":1,"26":1,"27":1,"28":1,"29":1,"30":1,"31":1,"32":0,"33":0,"34":0},"b":{"1":[0,1],"2":[0,1],"3":[0,1],"4":[0,0]},"f":{"1":1,"2":1,"3":1,"4":1,"5":1,"6":0,"7":1,"8":1,"9":1},"fnMap":{"1":{"name":"OMDBapiRequest","line":17,"loc":{"start":{"line":17,"column":0},"end":{"line":17,"column":35}}},"2":{"name":"(anonymous_2)","line":18,"loc":{"start":{"line":18,"column":79},"end":{"line":18,"column":99}}},"3":{"name":"ParseMovieData","line":28,"loc":{"start":{"line":28,"column":0},"end":{"line":28,"column":48}}},"4":{"name":"SortMovies","line":44,"loc":{"start":{"line":44,"column":0},"end":{"line":44,"column":31}}},"5":{"name":"(anonymous_5)","line":49,"loc":{"start":{"line":49,"column":37},"end":{"line":49,"column":52}}},"6":{"name":"(anonymous_6)","line":51,"loc":{"start":{"line":51,"column":26},"end":{"line":51,"column":52}}},"7":{"name":"writeBacktoCSV","line":58,"loc":{"start":{"line":58,"column":0},"end":{"line":58,"column":47}}},"8":{"name":"(anonymous_8)","line":60,"loc":{"start":{"line":60,"column":21},"end":{"line":60,"column":37}}},"9":{"name":"(anonymous_9)","line":77,"loc":{"start":{"line":77,"column":5},"end":{"line":77,"column":25}}}},"statementMap":{"1":{"start":{"line":3,"column":0},"end":{"line":7,"column":13}},"2":{"start":{"line":9,"column":0},"end":{"line":14,"column":10}},"3":{"start":{"line":17,"column":0},"end":{"line":26,"column":1}},"4":{"start":{"line":18,"column":2},"end":{"line":25,"column":4}},"5":{"start":{"line":19,"column":4},"end":{"line":24,"column":5}},"6":{"start":{"line":20,"column":6},"end":{"line":20,"column":19}},"7":{"start":{"line":22,"column":6},"end":{"line":22,"column":45}},"8":{"start":{"line":23,"column":6},"end":{"line":23,"column":33}},"9":{"start":{"line":28,"column":0},"end":{"line":42,"column":1}},"10":{"start":{"line":29,"column":2},"end":{"line":41,"column":3}},"11":{"start":{"line":31,"column":4},"end":{"line":31,"column":31}},"12":{"start":{"line":33,"column":4},"end":{"line":36,"column":35}},"13":{"start":{"line":38,"column":4},"end":{"line":38,"column":81}},"14":{"start":{"line":39,"column":6},"end":{"line":39,"column":43}},"15":{"start":{"line":40,"column":6},"end":{"line":40,"column":16}},"16":{"start":{"line":44,"column":0},"end":{"line":56,"column":1}},"17":{"start":{"line":45,"column":2},"end":{"line":45,"column":22}},"18":{"start":{"line":47,"column":3},"end":{"line":47,"column":69}},"19":{"start":{"line":49,"column":6},"end":{"line":55,"column":9}},"20":{"start":{"line":50,"column":10},"end":{"line":50,"column":31}},"21":{"start":{"line":51,"column":10},"end":{"line":53,"column":13}},"22":{"start":{"line":52,"column":12},"end":{"line":52,"column":40}},"23":{"start":{"line":54,"column":8},"end":{"line":54,"column":34}},"24":{"start":{"line":58,"column":0},"end":{"line":64,"column":1}},"25":{"start":{"line":59,"column":2},"end":{"line":59,"column":63}},"26":{"start":{"line":60,"column":2},"end":{"line":63,"column":4}},"27":{"start":{"line":61,"column":3},"end":{"line":61,"column":32}},"28":{"start":{"line":62,"column":3},"end":{"line":62,"column":13}},"29":{"start":{"line":70,"column":0},"end":{"line":70,"column":19}},"30":{"start":{"line":72,"column":0},"end":{"line":87,"column":1}},"31":{"start":{"line":79,"column":4},"end":{"line":85,"column":5}},"32":{"start":{"line":80,"column":6},"end":{"line":84,"column":7}},"33":{"start":{"line":81,"column":8},"end":{"line":81,"column":24}},"34":{"start":{"line":83,"column":8},"end":{"line":83,"column":28}}},"branchMap":{"1":{"line":19,"type":"if","locations":[{"start":{"line":19,"column":4},"end":{"line":19,"column":4}},{"start":{"line":19,"column":4},"end":{"line":19,"column":4}}]},"2":{"line":29,"type":"if","locations":[{"start":{"line":29,"column":2},"end":{"line":29,"column":2}},{"start":{"line":29,"column":2},"end":{"line":29,"column":2}}]},"3":{"line":79,"type":"if","locations":[{"start":{"line":79,"column":4},"end":{"line":79,"column":4}},{"start":{"line":79,"column":4},"end":{"line":79,"column":4}}]},"4":{"line":80,"type":"if","locations":[{"start":{"line":80,"column":6},"end":{"line":80,"column":6}},{"start":{"line":80,"column":6},"end":{"line":80,"column":6}}]}}}}