TN:
SF:/Users/robeltezera/Desktop/movie-search-cLI/index.js
FN:6,(anonymous_1)
FN:12,(anonymous_2)
FN:14,(anonymous_3)
FNF:3
FNH:3
FNDA:3,(anonymous_1)
FNDA:4,(anonymous_2)
FNDA:4,(anonymous_3)
DA:1,1
DA:4,1
DA:8,3
DA:9,1
DA:11,2
DA:12,2
DA:14,4
DA:15,4
DA:16,0
DA:18,4
DA:20,4
DA:21,2
LF:12
LH:11
BRDA:8,1,0,1
BRDA:8,1,1,2
BRDA:15,2,0,0
BRDA:15,2,1,4
BRDA:20,3,0,2
BRDA:20,3,1,2
BRF:6
BRH:5
end_of_record
TN:
SF:/Users/robeltezera/Desktop/movie-search-cLI/lib/search.js
FN:17,OMDBapiRequest
FN:18,(anonymous_2)
FN:28,ParseMovieData
FN:44,SortMovies
FN:49,(anonymous_5)
FN:51,(anonymous_6)
FN:58,writeBacktoCSV
FN:60,(anonymous_8)
FN:77,(anonymous_9)
FNF:9
FNH:8
FNDA:1,OMDBapiRequest
FNDA:1,(anonymous_2)
FNDA:1,ParseMovieData
FNDA:1,SortMovies
FNDA:1,(anonymous_5)
FNDA:0,(anonymous_6)
FNDA:1,writeBacktoCSV
FNDA:1,(anonymous_8)
FNDA:1,(anonymous_9)
DA:3,1
DA:9,1
DA:17,1
DA:18,1
DA:19,1
DA:20,0
DA:22,1
DA:23,1
DA:28,1
DA:29,1
DA:31,0
DA:33,1
DA:38,1
DA:39,1
DA:40,1
DA:44,1
DA:45,1
DA:47,1
DA:49,1
DA:50,1
DA:51,1
DA:52,0
DA:54,1
DA:58,1
DA:59,1
DA:60,1
DA:61,1
DA:62,1
DA:70,1
DA:72,1
DA:79,1
DA:80,0
DA:81,0
DA:83,0
LF:34
LH:28
BRDA:19,1,0,0
BRDA:19,1,1,1
BRDA:29,2,0,0
BRDA:29,2,1,1
BRDA:79,3,0,0
BRDA:79,3,1,1
BRDA:80,4,0,0
BRDA:80,4,1,0
BRF:8
BRH:3
end_of_record
